<?xml version="1.0" encoding="UTF-8"?>
<!-- Generated by org.testng.reporters.JUnitReportReporter -->
<testsuite hostname="DESKTOP-R6GD7JD" failures="0" tests="2" name="TestNgDemo" time="0.020" errors="0" timestamp="2024-11-28T08:25:17 PST" skipped="0">
  <testcase classname="TestNgDemo" name="T3" time="0.007"/>
  <testcase classname="TestNgDemo" name="T1" time="0.013"/>
</testsuite> <!-- TestNgDemo -->
